TN:
SF:src/infra/helpers/mongo-helper.js
FN:4,connect
FN:14,disconnect
FN:20,getCollection
FNF:3
FNH:3
FNDA:4,connect
FNDA:4,disconnect
FNDA:6,getCollection
DA:1,1
DA:2,1
DA:3,1
DA:4,1
DA:5,4
DA:6,4
DA:7,4
DA:8,4
DA:9,4
DA:10,4
DA:11,4
DA:12,4
DA:13,1
DA:14,1
DA:15,4
DA:16,4
DA:17,4
DA:18,4
DA:19,1
DA:20,1
DA:21,6
DA:22,1
DA:23,1
DA:24,6
DA:25,6
DA:26,1
LF:26
LH:26
BRDA:4,0,0,4
BRDA:14,1,0,4
BRDA:20,2,0,6
BRDA:21,3,0,5
BRDA:21,4,0,1
BRF:5
BRH:5
end_of_record
TN:
SF:src/infra/repositories/load-user-by-email-repository.js
FN:4,load
FNF:1
FNH:1
FNDA:3,load
DA:1,1
DA:2,1
DA:3,1
DA:4,1
DA:5,3
DA:6,1
DA:7,1
DA:8,2
DA:9,2
DA:10,2
DA:11,2
DA:12,2
DA:13,2
DA:14,2
DA:15,2
DA:16,2
DA:17,2
DA:18,1
LF:18
LH:18
BRDA:4,0,0,3
BRDA:5,1,0,1
BRDA:8,2,0,2
BRF:3
BRH:3
end_of_record
TN:
SF:src/infra/repositories/update-access-token-repository.js
FN:4,update
FNF:1
FNH:1
FNDA:3,update
DA:1,1
DA:2,1
DA:3,1
DA:4,1
DA:5,3
DA:6,1
DA:7,1
DA:8,3
DA:9,1
DA:10,1
DA:11,1
DA:12,1
DA:13,1
DA:14,1
DA:15,1
DA:16,1
DA:17,1
DA:18,1
DA:19,1
DA:20,1
LF:20
LH:20
BRDA:4,0,0,3
BRDA:5,1,0,1
BRDA:8,2,0,2
BRDA:8,3,0,1
BRF:4
BRH:4
end_of_record
TN:
SF:src/utils/errors/missing-param-error.js
FN:2,MissingParamError
FNF:1
FNH:1
FNDA:27,MissingParamError
DA:1,1
DA:2,1
DA:3,27
DA:4,27
DA:5,27
DA:6,1
LF:6
LH:6
BRDA:2,0,0,27
BRF:1
BRH:1
end_of_record
