TN:
SF:src/infra/helpers/mongo-helper.js
FN:4,connect
FN:14,disconnect
FN:20,getDb
FNF:3
FNH:3
FNDA:1,connect
FNDA:1,disconnect
FNDA:1,getDb
DA:1,1
DA:2,1
DA:3,1
DA:4,1
DA:5,1
DA:6,1
DA:7,1
DA:8,1
DA:9,1
DA:10,1
DA:11,1
DA:12,1
DA:13,1
DA:14,1
DA:15,1
DA:16,1
DA:17,1
DA:18,1
DA:19,1
DA:20,1
DA:21,1
DA:22,0
DA:23,0
DA:24,1
DA:25,1
DA:26,1
LF:26
LH:24
BRDA:4,0,0,1
BRDA:14,1,0,1
BRDA:20,2,0,1
BRDA:21,3,0,0
BRF:4
BRH:3
end_of_record
TN:
SF:src/infra/repositories/update-access-token-repository.js
FN:4,UpdateAccessTokenRepository
FN:8,update
FNF:2
FNH:2
FNDA:3,UpdateAccessTokenRepository
FNDA:3,update
DA:1,1
DA:2,1
DA:3,1
DA:4,1
DA:5,3
DA:6,3
DA:7,1
DA:8,1
DA:9,3
DA:10,1
DA:11,1
DA:12,3
DA:13,1
DA:14,1
DA:15,1
DA:16,1
DA:17,1
DA:18,1
DA:19,1
DA:20,1
DA:21,1
DA:22,1
DA:23,1
LF:23
LH:23
BRDA:4,0,0,3
BRDA:8,1,0,3
BRDA:9,2,0,1
BRDA:12,3,0,2
BRDA:12,4,0,1
BRF:5
BRH:5
end_of_record
TN:
SF:src/utils/errors/missing-param-error.js
FN:2,MissingParamError
FNF:1
FNH:1
FNDA:4,MissingParamError
DA:1,1
DA:2,1
DA:3,4
DA:4,4
DA:5,4
DA:6,1
LF:6
LH:6
BRDA:2,0,0,4
BRF:1
BRH:1
end_of_record
